setting 'ivy.default.settings.dir' to 'jar:file:/Users/pedromss/.dotfiles/conscript/.conscript/launcher-1.0.0.jar!/org/apache/ivy/core/settings'
setting 'ivy.basedir' to '/Users/pedromss/.dotfiles/conscript/.'
setting 'ivy.default.conf.dir' to 'jar:file:/Users/pedromss/.dotfiles/conscript/.conscript/launcher-1.0.0.jar!/org/apache/ivy/core/settings'
impossible to define new type: class not found: org.apache.ivy.plugins.resolver.SshResolver in [] nor Ivy classloader
impossible to define new type: class not found: org.apache.ivy.plugins.resolver.VsftpResolver in [] nor Ivy classloader
impossible to define new type: class not found: org.apache.ivy.plugins.version.PatternVersionMatcher in [] nor Ivy classloader
impossible to define new type: class not found: org.apache.ivy.plugins.trigger.LogTrigger in [] nor Ivy classloader
impossible to define new type: class not found: org.apache.ivy.ant.AntBuildTrigger in [] nor Ivy classloader
impossible to define new type: class not found: org.apache.ivy.plugins.resolver.IvyRepResolver in [] nor Ivy classloader
impossible to define new type: class not found: org.apache.ivy.plugins.signer.bouncycastle.OpenPGPSignatureGenerator in [] nor Ivy classloader
impossible to define new type: class not found: org.apache.ivy.plugins.conflict.RegexpConflictManager in [] nor Ivy classloader
impossible to define new type: class not found: org.apache.ivy.plugins.resolver.SFTPResolver in [] nor Ivy classloader
impossible to define new type: class not found: org.apache.ivy.osgi.updatesite.UpdateSiteResolver in [] nor Ivy classloader
impossible to define new type: class not found: org.apache.ivy.ant.AntCallTrigger in [] nor Ivy classloader
impossible to define new type: class not found: org.apache.ivy.plugins.resolver.MirroredURLResolver in [] nor Ivy classloader
impossible to define new type: class not found: org.apache.ivy.plugins.resolver.packager.PackagerResolver in [] nor Ivy classloader
impossible to define new type: class not found: org.apache.ivy.plugins.resolver.DualResolver in [] nor Ivy classloader
impossible to define new type: class not found: org.apache.ivy.plugins.resolver.VfsResolver in [] nor Ivy classloader
impossible to define new type: class not found: org.apache.ivy.plugins.resolver.JarResolver in [] nor Ivy classloader
impossible to define new type: class not found: org.apache.ivy.osgi.obr.OBRResolver in [] nor Ivy classloader
impossible to define glob matcher: org.apache.ivy.plugins.matcher.GlobPatternMatcher was not found.
setting 'jline.esc.timeout' to '0'
setting 'java.runtime.name' to 'Java(TM) SE Runtime Environment'
setting 'sun.boot.library.path' to '/Users/pedromss/.sdkman/candidates/java/8u141-oracle/jre/lib'
setting 'java.vm.version' to '25.141-b15'
setting 'user.country.format' to 'PT'
setting 'gopherProxySet' to 'false'
setting 'java.vm.vendor' to 'Oracle Corporation'
setting 'java.vendor.url' to 'http://java.oracle.com/'
setting 'path.separator' to ':'
setting 'java.vm.name' to 'Java HotSpot(TM) 64-Bit Server VM'
setting 'file.encoding.pkg' to 'sun.io'
setting 'user.country' to 'US'
setting 'sun.java.launcher' to 'SUN_STANDARD'
setting 'sun.os.patch.level' to 'unknown'
setting 'java.vm.specification.name' to 'Java Virtual Machine Specification'
setting 'user.dir' to '/Users/pedromss/.dotfiles/conscript'
setting 'java.runtime.version' to '1.8.0_141-b15'
setting 'java.awt.graphicsenv' to 'sun.awt.CGraphicsEnvironment'
setting 'java.endorsed.dirs' to '/Users/pedromss/.sdkman/candidates/java/8u141-oracle/jre/lib/endorsed'
setting 'os.arch' to 'x86_64'
setting 'java.io.tmpdir' to '/var/folders/7r/ndkjzwt96dbb8h39_flwncbr0000gn/T/'
setting 'line.separator' to '
'
setting 'java.vm.specification.vendor' to 'Oracle Corporation'
setting 'os.name' to 'Mac OS X'
setting 'sun.jnu.encoding' to 'UTF-8'
setting 'java.library.path' to '/Users/pedromss/Library/Java/Extensions:/Library/Java/Extensions:/Network/Library/Java/Extensions:/System/Library/Java/Extensions:/usr/lib/java:.'
setting 'java.specification.name' to 'Java Platform API Specification'
setting 'java.class.version' to '52.0'
setting 'sun.management.compiler' to 'HotSpot 64-Bit Tiered Compilers'
setting 'os.version' to '10.12.6'
setting 'http.nonProxyHosts' to 'local|*.local|169.254/16|*.169.254/16'
setting 'user.home' to '/Users/pedromss'
setting 'user.timezone' to 'Europe/Lisbon'
setting 'java.awt.printerjob' to 'sun.lwawt.macosx.CPrinterJob'
setting 'file.encoding' to 'UTF-8'
setting 'java.specification.version' to '1.8'
setting 'java.class.path' to '/Users/pedromss/.conscript/sbt-launch.jar'
setting 'user.name' to 'pedromss'
setting 'jline.shutdownhook' to 'false'
setting 'java.vm.specification.version' to '1.8'
setting 'sun.java.command' to '/Users/pedromss/.conscript/sbt-launch.jar @/Users/pedromss/.dotfiles/conscript/.conscript/foundweekends/conscript/cs/launchconfig --version'
setting 'java.home' to '/Users/pedromss/.sdkman/candidates/java/8u141-oracle/jre'
setting 'sun.arch.data.model' to '64'
setting 'user.language' to 'en'
setting 'java.specification.vendor' to 'Oracle Corporation'
setting 'awt.toolkit' to 'sun.lwawt.macosx.LWCToolkit'
setting 'java.vm.info' to 'mixed mode'
setting 'java.version' to '1.8.0_141'
setting 'java.ext.dirs' to '/Users/pedromss/Library/Java/Extensions:/Users/pedromss/.sdkman/candidates/java/8u141-oracle/jre/lib/ext:/Library/Java/Extensions:/Network/Library/Java/Extensions:/System/Library/Java/Extensions:/usr/lib/java'
setting 'sun.boot.class.path' to '/Users/pedromss/.sdkman/candidates/java/8u141-oracle/jre/lib/resources.jar:/Users/pedromss/.sdkman/candidates/java/8u141-oracle/jre/lib/rt.jar:/Users/pedromss/.sdkman/candidates/java/8u141-oracle/jre/lib/sunrsasign.jar:/Users/pedromss/.sdkman/candidates/java/8u141-oracle/jre/lib/jsse.jar:/Users/pedromss/.sdkman/candidates/java/8u141-oracle/jre/lib/jce.jar:/Users/pedromss/.sdkman/candidates/java/8u141-oracle/jre/lib/charsets.jar:/Users/pedromss/.sdkman/candidates/java/8u141-oracle/jre/lib/jfr.jar:/Users/pedromss/.sdkman/candidates/java/8u141-oracle/jre/classes'
setting 'java.vendor' to 'Oracle Corporation'
setting 'file.separator' to '/'
setting 'java.vendor.url.bug' to 'http://bugreport.sun.com/bugreport/'
setting 'sun.io.unicode.encoding' to 'UnicodeBig'
setting 'sun.cpu.endian' to 'little'
setting 'socksNonProxyHosts' to 'local|*.local|169.254/16|*.169.254/16'
setting 'ftp.nonProxyHosts' to 'local|*.local|169.254/16|*.169.254/16'
setting 'sun.cpu.isalist' to ''
setting 'ivy.default.ivy.user.dir' to '/Users/pedromss/.ivy2'
setting 'ivy.home' to '/Users/pedromss/.ivy2'
no default ivy user dir defined: set to /Users/pedromss/.ivy2
setting 'ivy.cache.dir' to '/Users/pedromss/.ivy2/cache'
no default cache defined: set to /Users/pedromss/.ivy2/cache
setting 'ivy.checksums' to 'sha1,md5'
setting 'ivy.basedir' to '/Users/pedromss/.conscript/boot'
setting 'basedir' to '/Users/pedromss/.conscript/boot'
setting 'scala' to '2.11.8'
:: resolving dependencies :: org.scala-sbt#boot-scala;1.0
	confs: [default]
	validate = true
	refresh = false
resolving dependencies for configuration 'default'
== resolving dependencies for org.scala-sbt#boot-scala;1.0 [default]
loadData of org.scala-sbt#boot-scala;1.0 of rootConf=default
== resolving dependencies org.scala-sbt#boot-scala;1.0->org.scala-lang#scala-compiler;2.11.8 [default->default]
loadData of org.scala-lang#scala-compiler;2.11.8 of rootConf=default
	using redefined-public to resolve org.scala-lang#scala-compiler;2.11.8
redefined-public: Checking cache for: dependency: org.scala-lang#scala-compiler;2.11.8 {default=[default, optional(default)]}
redefined-public: no namespace defined: using system
No entry is found in the ModuleDescriptorCache : /Users/pedromss/.ivy2/cache/org.scala-lang/scala-compiler/ivy-2.11.8.xml
post 1.3 ivy file: using exact as default matcher
	resolver not found: sbt-chain => trying to use the one configured for org.scala-lang#scala-compiler;2.11.8
	configured resolver found for org.scala-lang#scala-compiler;2.11.8: redefined-public: saving this data
	found ivy file in cache for org.scala-lang#scala-compiler;2.11.8 (resolved by redefined-public): /Users/pedromss/.ivy2/cache/org.scala-lang/scala-compiler/ivy-2.11.8.xml
redefined-public: module revision found in cache: org.scala-lang#scala-compiler;2.11.8
redefined-public: no latest strategy defined: using default
	found org.scala-lang#scala-compiler;2.11.8 in redefined-public
== resolving dependencies org.scala-sbt#boot-scala;1.0->org.scala-lang#scala-compiler;2.11.8 [default->runtime]
loadData of org.scala-lang#scala-compiler;2.11.8 of rootConf=default
== resolving dependencies org.scala-sbt#boot-scala;1.0->org.scala-lang#scala-compiler;2.11.8 [default->compile]
loadData of org.scala-lang#scala-compiler;2.11.8 of rootConf=default
== resolving dependencies org.scala-lang#scala-compiler;2.11.8->org.scala-lang#scala-library;2.11.8 [compile->master(compile)]
loadData of org.scala-lang#scala-library;2.11.8 of rootConf=default
	using redefined-public to resolve org.scala-lang#scala-library;2.11.8
redefined-public: Checking cache for: dependency: org.scala-lang#scala-library;2.11.8 {compile=[compile(*), master(compile)], runtime=[runtime(*)]}
No entry is found in the ModuleDescriptorCache : /Users/pedromss/.ivy2/cache/org.scala-lang/scala-library/ivy-2.11.8.xml
post 1.3 ivy file: using exact as default matcher
	found ivy file in cache for org.scala-lang#scala-library;2.11.8 (resolved by redefined-public): /Users/pedromss/.ivy2/cache/org.scala-lang/scala-library/ivy-2.11.8.xml
redefined-public: module revision found in cache: org.scala-lang#scala-library;2.11.8
	found org.scala-lang#scala-library;2.11.8 in redefined-public
loadData of org.scala-lang#scala-library;2.11.8 of rootConf=default
	[2.11.8] org.scala-lang#scala-library;2.11.8
== resolving dependencies org.scala-lang#scala-compiler;2.11.8->org.scala-lang#scala-library;2.11.8 [compile->compile(*)]
loadData of org.scala-lang#scala-library;2.11.8 of rootConf=default
== resolving dependencies org.scala-lang#scala-compiler;2.11.8->org.scala-lang#scala-library;2.11.8 [compile->default]
loadData of org.scala-lang#scala-library;2.11.8 of rootConf=default
== resolving dependencies org.scala-lang#scala-compiler;2.11.8->org.scala-lang#scala-library;2.11.8 [compile->runtime]
loadData of org.scala-lang#scala-library;2.11.8 of rootConf=default
== resolving dependencies org.scala-lang#scala-compiler;2.11.8->org.scala-lang#scala-library;2.11.8 [compile->compile]
loadData of org.scala-lang#scala-library;2.11.8 of rootConf=default
== resolving dependencies org.scala-lang#scala-compiler;2.11.8->org.scala-lang#scala-library;2.11.8 [compile->master]
loadData of org.scala-lang#scala-library;2.11.8 of rootConf=default
== resolving dependencies org.scala-lang#scala-compiler;2.11.8->org.scala-lang#scala-library;2.11.8 [compile->runtime(*)]
loadData of org.scala-lang#scala-library;2.11.8 of rootConf=default
== resolving dependencies org.scala-lang#scala-compiler;2.11.8->org.scala-lang#scala-library;2.11.8 [compile->compile]
loadData of org.scala-lang#scala-library;2.11.8 of rootConf=default
default is loaded and no conf to load.  Skip loading
== resolving dependencies org.scala-lang#scala-compiler;2.11.8->org.scala-lang#scala-reflect;2.11.8 [compile->master(compile)]
loadData of org.scala-lang#scala-reflect;2.11.8 of rootConf=default
	using redefined-public to resolve org.scala-lang#scala-reflect;2.11.8
redefined-public: Checking cache for: dependency: org.scala-lang#scala-reflect;2.11.8 {compile=[compile(*), master(compile)], runtime=[runtime(*)]}
No entry is found in the ModuleDescriptorCache : /Users/pedromss/.ivy2/cache/org.scala-lang/scala-reflect/ivy-2.11.8.xml
post 1.3 ivy file: using exact as default matcher
	resolver not found: sbt-chain => trying to use the one configured for org.scala-lang#scala-reflect;2.11.8
	configured resolver found for org.scala-lang#scala-reflect;2.11.8: redefined-public: saving this data
	found ivy file in cache for org.scala-lang#scala-reflect;2.11.8 (resolved by redefined-public): /Users/pedromss/.ivy2/cache/org.scala-lang/scala-reflect/ivy-2.11.8.xml
redefined-public: module revision found in cache: org.scala-lang#scala-reflect;2.11.8
	found org.scala-lang#scala-reflect;2.11.8 in redefined-public
loadData of org.scala-lang#scala-reflect;2.11.8 of rootConf=default
	[2.11.8] org.scala-lang#scala-reflect;2.11.8
== resolving dependencies org.scala-lang#scala-compiler;2.11.8->org.scala-lang#scala-reflect;2.11.8 [compile->compile(*)]
loadData of org.scala-lang#scala-reflect;2.11.8 of rootConf=default
== resolving dependencies org.scala-lang#scala-reflect;2.11.8->org.scala-lang#scala-library;2.11.8 [compile->master(compile)]
loadData of org.scala-lang#scala-library;2.11.8 of rootConf=default
default is loaded and no conf to load.  Skip loading
== resolving dependencies org.scala-lang#scala-reflect;2.11.8->org.scala-lang#scala-library;2.11.8 [compile->compile(*)]
loadData of org.scala-lang#scala-library;2.11.8 of rootConf=default
default is loaded and no conf to load.  Skip loading
== resolving dependencies org.scala-lang#scala-compiler;2.11.8->org.scala-lang#scala-reflect;2.11.8 [compile->runtime(*)]
loadData of org.scala-lang#scala-reflect;2.11.8 of rootConf=default
== resolving dependencies org.scala-lang#scala-compiler;2.11.8->org.scala-lang#scala-reflect;2.11.8 [compile->compile]
loadData of org.scala-lang#scala-reflect;2.11.8 of rootConf=default
== resolving dependencies org.scala-lang#scala-reflect;2.11.8->org.scala-lang#scala-library;2.11.8 [runtime->runtime(*)]
loadData of org.scala-lang#scala-library;2.11.8 of rootConf=default
default is loaded and no conf to load.  Skip loading
== resolving dependencies org.scala-lang#scala-reflect;2.11.8->org.scala-lang#scala-library;2.11.8 [runtime->compile]
loadData of org.scala-lang#scala-library;2.11.8 of rootConf=default
default is loaded and no conf to load.  Skip loading
== resolving dependencies org.scala-lang#scala-compiler;2.11.8->org.scala-lang.modules#scala-xml_2.11;1.0.4 [compile->master(compile)]
loadData of org.scala-lang.modules#scala-xml_2.11;1.0.4 of rootConf=default
	using redefined-public to resolve org.scala-lang.modules#scala-xml_2.11;1.0.4
redefined-public: Checking cache for: dependency: org.scala-lang.modules#scala-xml_2.11;1.0.4 {compile=[compile(*), master(compile)], runtime=[runtime(*)]}
No entry is found in the ModuleDescriptorCache : /Users/pedromss/.ivy2/cache/org.scala-lang.modules/scala-xml_2.11/ivy-1.0.4.xml
post 1.3 ivy file: using exact as default matcher
	resolver not found: sbt-chain => trying to use the one configured for org.scala-lang.modules#scala-xml_2.11;1.0.4
	configured resolver found for org.scala-lang.modules#scala-xml_2.11;1.0.4: redefined-public: saving this data
	found ivy file in cache for org.scala-lang.modules#scala-xml_2.11;1.0.4 (resolved by redefined-public): /Users/pedromss/.ivy2/cache/org.scala-lang.modules/scala-xml_2.11/ivy-1.0.4.xml
redefined-public: module revision found in cache: org.scala-lang.modules#scala-xml_2.11;1.0.4
	found org.scala-lang.modules#scala-xml_2.11;1.0.4 in redefined-public
== resolving dependencies org.scala-lang#scala-compiler;2.11.8->org.scala-lang.modules#scala-xml_2.11;1.0.4 [compile->compile(*)]
loadData of org.scala-lang.modules#scala-xml_2.11;1.0.4 of rootConf=default
== resolving dependencies org.scala-lang.modules#scala-xml_2.11;1.0.4->org.scala-lang#scala-library;2.11.4 [compile->master(compile)]
loadData of org.scala-lang#scala-library;2.11.4 of rootConf=default
default is evicted.  Skip loading
== resolving dependencies org.scala-lang.modules#scala-xml_2.11;1.0.4->org.scala-lang#scala-library;2.11.8 [compile->master(compile)]
loadData of org.scala-lang#scala-library;2.11.8 of rootConf=default
default is loaded and no conf to load.  Skip loading
== resolving dependencies org.scala-lang.modules#scala-xml_2.11;1.0.4->org.scala-lang#scala-library;2.11.4 [compile->compile(*)]
loadData of org.scala-lang#scala-library;2.11.4 of rootConf=default
default is evicted.  Skip loading
== resolving dependencies org.scala-lang.modules#scala-xml_2.11;1.0.4->org.scala-lang#scala-library;2.11.8 [compile->compile(*)]
loadData of org.scala-lang#scala-library;2.11.8 of rootConf=default
default is loaded and no conf to load.  Skip loading
== resolving dependencies org.scala-lang#scala-compiler;2.11.8->org.scala-lang.modules#scala-xml_2.11;1.0.4 [compile->runtime(*)]
loadData of org.scala-lang.modules#scala-xml_2.11;1.0.4 of rootConf=default
== resolving dependencies org.scala-lang#scala-compiler;2.11.8->org.scala-lang.modules#scala-xml_2.11;1.0.4 [compile->compile]
loadData of org.scala-lang.modules#scala-xml_2.11;1.0.4 of rootConf=default
== resolving dependencies org.scala-lang.modules#scala-xml_2.11;1.0.4->org.scala-lang#scala-library;2.11.4 [runtime->runtime(*)]
loadData of org.scala-lang#scala-library;2.11.4 of rootConf=default
default is evicted.  Skip loading
== resolving dependencies org.scala-lang.modules#scala-xml_2.11;1.0.4->org.scala-lang#scala-library;2.11.8 [runtime->runtime(*)]
loadData of org.scala-lang#scala-library;2.11.8 of rootConf=default
default is loaded and no conf to load.  Skip loading
== resolving dependencies org.scala-lang.modules#scala-xml_2.11;1.0.4->org.scala-lang#scala-library;2.11.8 [runtime->compile]
loadData of org.scala-lang#scala-library;2.11.8 of rootConf=default
default is loaded and no conf to load.  Skip loading
== resolving dependencies org.scala-lang#scala-compiler;2.11.8->org.scala-lang.modules#scala-parser-combinators_2.11;1.0.4 [compile->master(compile)]
loadData of org.scala-lang.modules#scala-parser-combinators_2.11;1.0.4 of rootConf=default
	using redefined-public to resolve org.scala-lang.modules#scala-parser-combinators_2.11;1.0.4
redefined-public: Checking cache for: dependency: org.scala-lang.modules#scala-parser-combinators_2.11;1.0.4 {compile=[compile(*), master(compile)], runtime=[runtime(*)]}
No entry is found in the ModuleDescriptorCache : /Users/pedromss/.ivy2/cache/org.scala-lang.modules/scala-parser-combinators_2.11/ivy-1.0.4.xml
post 1.3 ivy file: using exact as default matcher
	resolver not found: sbt-chain => trying to use the one configured for org.scala-lang.modules#scala-parser-combinators_2.11;1.0.4
	configured resolver found for org.scala-lang.modules#scala-parser-combinators_2.11;1.0.4: redefined-public: saving this data
	found ivy file in cache for org.scala-lang.modules#scala-parser-combinators_2.11;1.0.4 (resolved by redefined-public): /Users/pedromss/.ivy2/cache/org.scala-lang.modules/scala-parser-combinators_2.11/ivy-1.0.4.xml
redefined-public: module revision found in cache: org.scala-lang.modules#scala-parser-combinators_2.11;1.0.4
	found org.scala-lang.modules#scala-parser-combinators_2.11;1.0.4 in redefined-public
== resolving dependencies org.scala-lang#scala-compiler;2.11.8->org.scala-lang.modules#scala-parser-combinators_2.11;1.0.4 [compile->compile(*)]
loadData of org.scala-lang.modules#scala-parser-combinators_2.11;1.0.4 of rootConf=default
== resolving dependencies org.scala-lang.modules#scala-parser-combinators_2.11;1.0.4->org.scala-lang#scala-library;2.11.6 [compile->master(compile)]
loadData of org.scala-lang#scala-library;2.11.6 of rootConf=default
default is evicted.  Skip loading
== resolving dependencies org.scala-lang.modules#scala-parser-combinators_2.11;1.0.4->org.scala-lang#scala-library;2.11.8 [compile->master(compile)]
loadData of org.scala-lang#scala-library;2.11.8 of rootConf=default
default is loaded and no conf to load.  Skip loading
== resolving dependencies org.scala-lang.modules#scala-parser-combinators_2.11;1.0.4->org.scala-lang#scala-library;2.11.6 [compile->compile(*)]
loadData of org.scala-lang#scala-library;2.11.6 of rootConf=default
default is evicted.  Skip loading
== resolving dependencies org.scala-lang.modules#scala-parser-combinators_2.11;1.0.4->org.scala-lang#scala-library;2.11.8 [compile->compile(*)]
loadData of org.scala-lang#scala-library;2.11.8 of rootConf=default
default is loaded and no conf to load.  Skip loading
== resolving dependencies org.scala-lang#scala-compiler;2.11.8->org.scala-lang.modules#scala-parser-combinators_2.11;1.0.4 [compile->runtime(*)]
loadData of org.scala-lang.modules#scala-parser-combinators_2.11;1.0.4 of rootConf=default
== resolving dependencies org.scala-lang#scala-compiler;2.11.8->org.scala-lang.modules#scala-parser-combinators_2.11;1.0.4 [compile->compile]
loadData of org.scala-lang.modules#scala-parser-combinators_2.11;1.0.4 of rootConf=default
== resolving dependencies org.scala-lang.modules#scala-parser-combinators_2.11;1.0.4->org.scala-lang#scala-library;2.11.6 [runtime->runtime(*)]
loadData of org.scala-lang#scala-library;2.11.6 of rootConf=default
default is evicted.  Skip loading
== resolving dependencies org.scala-lang.modules#scala-parser-combinators_2.11;1.0.4->org.scala-lang#scala-library;2.11.8 [runtime->runtime(*)]
loadData of org.scala-lang#scala-library;2.11.8 of rootConf=default
default is loaded and no conf to load.  Skip loading
== resolving dependencies org.scala-lang.modules#scala-parser-combinators_2.11;1.0.4->org.scala-lang#scala-library;2.11.8 [runtime->compile]
loadData of org.scala-lang#scala-library;2.11.8 of rootConf=default
default is loaded and no conf to load.  Skip loading
== resolving dependencies org.scala-lang#scala-compiler;2.11.8->org.scala-lang#scala-library;2.11.8 [runtime->runtime(*)]
loadData of org.scala-lang#scala-library;2.11.8 of rootConf=default
default is loaded and no conf to load.  Skip loading
== resolving dependencies org.scala-lang#scala-compiler;2.11.8->org.scala-lang#scala-library;2.11.8 [runtime->compile]
loadData of org.scala-lang#scala-library;2.11.8 of rootConf=default
default is loaded and no conf to load.  Skip loading
== resolving dependencies org.scala-lang#scala-compiler;2.11.8->org.scala-lang#scala-reflect;2.11.8 [runtime->runtime(*)]
loadData of org.scala-lang#scala-reflect;2.11.8 of rootConf=default
default is loaded and no conf to load.  Skip loading
== resolving dependencies org.scala-lang#scala-compiler;2.11.8->org.scala-lang#scala-reflect;2.11.8 [runtime->compile]
loadData of org.scala-lang#scala-reflect;2.11.8 of rootConf=default
default is loaded and no conf to load.  Skip loading
== resolving dependencies org.scala-lang#scala-compiler;2.11.8->org.scala-lang.modules#scala-xml_2.11;1.0.4 [runtime->runtime(*)]
loadData of org.scala-lang.modules#scala-xml_2.11;1.0.4 of rootConf=default
default is loaded and no conf to load.  Skip loading
== resolving dependencies org.scala-lang#scala-compiler;2.11.8->org.scala-lang.modules#scala-xml_2.11;1.0.4 [runtime->compile]
loadData of org.scala-lang.modules#scala-xml_2.11;1.0.4 of rootConf=default
default is loaded and no conf to load.  Skip loading
== resolving dependencies org.scala-lang#scala-compiler;2.11.8->org.scala-lang.modules#scala-parser-combinators_2.11;1.0.4 [runtime->runtime(*)]
loadData of org.scala-lang.modules#scala-parser-combinators_2.11;1.0.4 of rootConf=default
default is loaded and no conf to load.  Skip loading
== resolving dependencies org.scala-lang#scala-compiler;2.11.8->org.scala-lang.modules#scala-parser-combinators_2.11;1.0.4 [runtime->compile]
loadData of org.scala-lang.modules#scala-parser-combinators_2.11;1.0.4 of rootConf=default
default is loaded and no conf to load.  Skip loading
== resolving dependencies org.scala-sbt#boot-scala;1.0->org.scala-lang#scala-compiler;2.11.8 [default->master]
loadData of org.scala-lang#scala-compiler;2.11.8 of rootConf=default
== resolving dependencies org.scala-sbt#boot-scala;1.0->org.scala-lang#scala-compiler;2.11.8 [default->optional(default)]
loadData of org.scala-lang#scala-compiler;2.11.8 of rootConf=default
== resolving dependencies org.scala-lang#scala-compiler;2.11.8->jline#jline;2.12.1 [optional->master(compile)]
loadData of jline#jline;2.12.1 of rootConf=default
	using redefined-public to resolve jline#jline;2.12.1
redefined-public: Checking cache for: dependency: jline#jline;2.12.1 {optional=[compile(*), master(compile)]}
No entry is found in the ModuleDescriptorCache : /Users/pedromss/.ivy2/cache/jline/jline/ivy-2.12.1.xml
post 1.3 ivy file: using exact as default matcher
	resolver not found: sbt-chain => trying to use the one configured for jline#jline;2.12.1
	configured resolver found for jline#jline;2.12.1: redefined-public: saving this data
	found ivy file in cache for jline#jline;2.12.1 (resolved by redefined-public): /Users/pedromss/.ivy2/cache/jline/jline/ivy-2.12.1.xml
redefined-public: module revision found in cache: jline#jline;2.12.1
	found jline#jline;2.12.1 in redefined-public
== resolving dependencies org.scala-lang#scala-compiler;2.11.8->jline#jline;2.12.1 [optional->compile(*)]
loadData of jline#jline;2.12.1 of rootConf=default
== resolving dependencies org.scala-sbt#boot-scala;1.0->org.scala-lang#scala-library;2.11.8 [default->default]
loadData of org.scala-lang#scala-library;2.11.8 of rootConf=default
default is loaded and no conf to load.  Skip loading
== resolving dependencies org.scala-sbt#boot-scala;1.0->org.scala-lang#scala-library;2.11.8 [default->runtime]
loadData of org.scala-lang#scala-library;2.11.8 of rootConf=default
default is loaded and no conf to load.  Skip loading
== resolving dependencies org.scala-sbt#boot-scala;1.0->org.scala-lang#scala-library;2.11.8 [default->compile]
loadData of org.scala-lang#scala-library;2.11.8 of rootConf=default
default is loaded and no conf to load.  Skip loading
== resolving dependencies org.scala-sbt#boot-scala;1.0->org.scala-lang#scala-library;2.11.8 [default->master]
loadData of org.scala-lang#scala-library;2.11.8 of rootConf=default
default is loaded and no conf to load.  Skip loading
Nbr of module to sort : 6
Sort dependencies of : org.scala-lang#scala-compiler;2.11.8 / Number of dependencies = 5
Sort dependencies of : org.scala-lang#scala-library;2.11.8 / Number of dependencies = 0
Sort done for : org.scala-lang#scala-library;2.11.8
Sort dependencies of : org.scala-lang#scala-reflect;2.11.8 / Number of dependencies = 1
Module descriptor is processed : org.scala-lang#scala-library;2.11.8
Sort done for : org.scala-lang#scala-reflect;2.11.8
Sort dependencies of : org.scala-lang.modules#scala-xml_2.11;1.0.4 / Number of dependencies = 4
Non matching revision detected when sorting.  org.scala-lang.modules#scala-xml_2.11 depends on org.scala-lang#scala-compiler;2.11.4, doesn't match org.scala-lang#scala-compiler;2.11.8
Non matching revision detected when sorting.  org.scala-lang.modules#scala-xml_2.11 depends on org.scala-lang#scala-library;2.11.4, doesn't match org.scala-lang#scala-library;2.11.8
Sort done for : org.scala-lang.modules#scala-xml_2.11;1.0.4
Sort dependencies of : org.scala-lang.modules#scala-parser-combinators_2.11;1.0.4 / Number of dependencies = 3
Non matching revision detected when sorting.  org.scala-lang.modules#scala-parser-combinators_2.11 depends on org.scala-lang#scala-library;2.11.6, doesn't match org.scala-lang#scala-library;2.11.8
Sort done for : org.scala-lang.modules#scala-parser-combinators_2.11;1.0.4
Sort dependencies of : jline#jline;2.12.1 / Number of dependencies = 1
Sort done for : jline#jline;2.12.1
Sort done for : org.scala-lang#scala-compiler;2.11.8
Module descriptor is processed : org.scala-lang#scala-library;2.11.8
Module descriptor is processed : org.scala-lang#scala-reflect;2.11.8
Module descriptor is processed : org.scala-lang.modules#scala-xml_2.11;1.0.4
Module descriptor is processed : org.scala-lang.modules#scala-parser-combinators_2.11;1.0.4
Module descriptor is processed : jline#jline;2.12.1
storing dependency org.scala-lang#scala-compiler;2.11.8 in props
storing dependency org.scala-lang#scala-library;2.11.8 in props
	resolved ivy file produced in cache
:: downloading artifacts ::
	[NOT REQUIRED] org.scala-lang#scala-compiler;2.11.8!scala-compiler.jar
	[NOT REQUIRED] org.scala-lang#scala-library;2.11.8!scala-library.jar
	[NOT REQUIRED] org.scala-lang#scala-reflect;2.11.8!scala-reflect.jar
	[NOT REQUIRED] org.scala-lang.modules#scala-xml_2.11;1.0.4!scala-xml_2.11.jar(bundle)
	[NOT REQUIRED] org.scala-lang.modules#scala-parser-combinators_2.11;1.0.4!scala-parser-combinators_2.11.jar(bundle)
	[NOT REQUIRED] jline#jline;2.12.1!jline.jar
:: resolution report :: resolve 54ms :: artifacts dl 4ms
Nbr of module to sort : 6
Sort dependencies of : org.scala-lang#scala-compiler;2.11.8 / Number of dependencies = 5
Sort dependencies of : org.scala-lang#scala-library;2.11.8 / Number of dependencies = 0
Sort done for : org.scala-lang#scala-library;2.11.8
Sort dependencies of : org.scala-lang#scala-reflect;2.11.8 / Number of dependencies = 1
Module descriptor is processed : org.scala-lang#scala-library;2.11.8
Sort done for : org.scala-lang#scala-reflect;2.11.8
Sort dependencies of : org.scala-lang.modules#scala-xml_2.11;1.0.4 / Number of dependencies = 4
Non matching revision detected when sorting.  org.scala-lang.modules#scala-xml_2.11 depends on org.scala-lang#scala-compiler;2.11.4, doesn't match org.scala-lang#scala-compiler;2.11.8
Non matching revision detected when sorting.  org.scala-lang.modules#scala-xml_2.11 depends on org.scala-lang#scala-library;2.11.4, doesn't match org.scala-lang#scala-library;2.11.8
Sort done for : org.scala-lang.modules#scala-xml_2.11;1.0.4
Sort dependencies of : org.scala-lang.modules#scala-parser-combinators_2.11;1.0.4 / Number of dependencies = 3
Non matching revision detected when sorting.  org.scala-lang.modules#scala-parser-combinators_2.11 depends on org.scala-lang#scala-library;2.11.6, doesn't match org.scala-lang#scala-library;2.11.8
Sort done for : org.scala-lang.modules#scala-parser-combinators_2.11;1.0.4
Sort dependencies of : jline#jline;2.12.1 / Number of dependencies = 1
Sort done for : jline#jline;2.12.1
Sort done for : org.scala-lang#scala-compiler;2.11.8
Module descriptor is processed : org.scala-lang#scala-library;2.11.8
Module descriptor is processed : org.scala-lang#scala-reflect;2.11.8
Module descriptor is processed : org.scala-lang.modules#scala-xml_2.11;1.0.4
Module descriptor is processed : org.scala-lang.modules#scala-parser-combinators_2.11;1.0.4
Module descriptor is processed : jline#jline;2.12.1
	report for org.scala-sbt#boot-scala;1.0 default produced in /Users/pedromss/.conscript/boot/resolution-cache/org.scala-sbt-boot-scala-default.xml
	resolve done (54ms resolve - 4ms download)
setting 'scala' to '2.11.8'
:: retrieving :: org.scala-sbt#boot-scala
	checkUpToDate=true
post 1.3 ivy file: using exact as default matcher
no explicit confs given for retrieve, using ivy file: file:/Users/pedromss/.conscript/boot/resolution-cache/resolved-org.scala-sbt-boot-scala-1.0.xml
	confs: [default]
	retrieving /Users/pedromss/.ivy2/cache/org.scala-lang/scala-compiler/jars/scala-compiler-2.11.8.jar
		to /Users/pedromss/.conscript/boot/scala-2.11.8/lib/scala-compiler.jar
	retrieving /Users/pedromss/.ivy2/cache/org.scala-lang.modules/scala-xml_2.11/bundles/scala-xml_2.11-1.0.4.jar
		to /Users/pedromss/.conscript/boot/scala-2.11.8/lib/scala-xml_2.11.jar
	retrieving /Users/pedromss/.ivy2/cache/org.scala-lang/scala-library/jars/scala-library-2.11.8.jar
		to /Users/pedromss/.conscript/boot/scala-2.11.8/lib/scala-library.jar
	retrieving /Users/pedromss/.ivy2/cache/org.scala-lang.modules/scala-parser-combinators_2.11/bundles/scala-parser-combinators_2.11-1.0.4.jar
		to /Users/pedromss/.conscript/boot/scala-2.11.8/lib/scala-parser-combinators_2.11.jar
	retrieving /Users/pedromss/.ivy2/cache/org.scala-lang/scala-reflect/jars/scala-reflect-2.11.8.jar
		to /Users/pedromss/.conscript/boot/scala-2.11.8/lib/scala-reflect.jar
	retrieving /Users/pedromss/.ivy2/cache/jline/jline/jars/jline-2.12.1.jar
		to /Users/pedromss/.conscript/boot/scala-2.11.8/lib/jline.jar
	6 artifacts copied, 0 already retrieved (26456kB/76ms)
	retrieve done (76ms)
